<?xml version="1.0" encoding="UTF-8"?>
<testsuite name="ProvinceTest" tests="1" skipped="0" failures="0" errors="0" timestamp="2021-04-25T13:20:57" hostname="DESKTOP-RLFQ05F" time="0.007">
  <properties/>
  <testcase name="shortfall_is_five()" classname="ProvinceTest" time="0.007"/>
  <system-out><![CDATA[]]></system-out>
  <system-err><![CDATA[]]></system-err>
</testsuite>
