<?xml version="1.0" encoding="UTF-8"?>
<testsuite name="ProvinceTest" tests="2" skipped="0" failures="0" errors="0" timestamp="2021-04-25T13:32:40" hostname="DESKTOP-RLFQ05F" time="0.008">
  <properties/>
  <testcase name="shortfall()" classname="ProvinceTest" time="0.006"/>
  <testcase name="profit()" classname="ProvinceTest" time="0.002"/>
  <system-out><![CDATA[]]></system-out>
  <system-err><![CDATA[]]></system-err>
</testsuite>
