<?xml version="1.0" encoding="UTF-8"?>
<testsuite name="ProvinceTest" tests="3" skipped="0" failures="0" errors="0" timestamp="2021-04-25T13:50:59" hostname="DESKTOP-RLFQ05F" time="2.485">
  <properties/>
  <testcase name="setProduction()" classname="ProvinceTest" time="2.318"/>
  <testcase name="shortfall()" classname="ProvinceTest" time="0.086"/>
  <testcase name="profit()" classname="ProvinceTest" time="0.08"/>
  <system-out><![CDATA[]]></system-out>
  <system-err><![CDATA[]]></system-err>
</testsuite>
